<?xml version="1.0" encoding="UTF-8"?>
<testsuite xmlns:xsi="http://www.w3.org/2001/XMLSchema-instance" xsi:noNamespaceSchemaLocation="https://maven.apache.org/surefire/maven-surefire-plugin/xsd/surefire-test-report-3.0.xsd" version="3.0" name="TestSuite" time="153.368" tests="4" errors="0" skipped="0" failures="0">
  <properties>
[...]
</properties>
  <testcase name="basePageNavigation" classname="Academy.Homepage" time="53.279"/>
  <testcase name="basePageNavigation" classname="Academy.Homepage" time="28.865"/>
  <testcase name="ValidateApptitle" classname="Academy.validateTitle" time="0.118"/>
  <testcase name="ValidateAppNavBar" classname="Academy.validateNavigation" time="0.425"/>
</testsuite>