<?xml version="1.0" encoding="UTF-8"?>
<!-- Generated by org.testng.reporters.JUnitXMLReporter -->
<testsuite hostname="DESKTOP-TFNF2PK" ignored="0" name="Test" tests="4" failures="0" timestamp="2020-04-21T12:04:38 EDT" time="58.208" errors="0">
  <testcase name="basePageNavigation" time="0.12" classname="Academy.validateNavigation"/>
  <testcase name="basePageNavigation" time="16.171" classname="Academy.Homepage"/>
  <testcase name="basePageNavigation" time="19.38" classname="Academy.Homepage"/>
  <testcase name="basePageNavigation" time="0.08" classname="Academy.validateTitle"/>
</testsuite> <!-- Test -->
