<?xml version="1.0" encoding="UTF-8"?>
<!-- Generated by org.testng.reporters.JUnitXMLReporter -->
<testsuite hostname="DESKTOP-TFNF2PK" failures="0" tests="4" name="Test" time="64.995" errors="0" timestamp="22 Apr 2020 14:13:09 GMT">
  <testcase classname="Academy.validateNavigation" name="basePageNavigation" time="0.101"/>
  <testcase classname="Academy.Homepage" name="basePageNavigation" time="18.703"/>
  <testcase classname="Academy.Homepage" name="basePageNavigation" time="24.943"/>
  <testcase classname="Academy.validateTitle" name="basePageNavigation" time="0.054"/>
</testsuite> <!-- Test -->
